<?xml version="1.0" encoding="UTF-8"?>
<coverage generated="1770582959343" clover="3.2.0">
  <project timestamp="1770582959343" name="All files">
    <metrics statements="16" coveredstatements="16" conditionals="14" coveredconditionals="14" methods="2" coveredmethods="2" elements="32" coveredelements="32" complexity="0" loc="16" ncloc="16" packages="1" files="2" classes="2"/>
    <file name="GoogleMapsService.js" path="D:\БГУИР\3 курс\2 семестр\АТБП\laba2\ATBKlaba1\GoogleMapsService.js">
      <metrics statements="2" coveredstatements="2" conditionals="0" coveredconditionals="0" methods="1" coveredmethods="1"/>
      <line num="3" count="1" type="stmt"/>
      <line num="6" count="2" type="stmt"/>
    </file>
    <file name="deliveryTime.js" path="D:\БГУИР\3 курс\2 семестр\АТБП\laba2\ATBKlaba1\deliveryTime.js">
      <metrics statements="14" coveredstatements="14" conditionals="14" coveredconditionals="14" methods="1" coveredmethods="1"/>
      <line num="1" count="1" type="stmt"/>
      <line num="5" count="7" type="cond" truecount="2" falsecount="0"/>
      <line num="6" count="6" type="cond" truecount="4" falsecount="0"/>
      <line num="7" count="5" type="cond" truecount="4" falsecount="0"/>
      <line num="9" count="4" type="stmt"/>
      <line num="11" count="4" type="cond" truecount="2" falsecount="0"/>
      <line num="12" count="3" type="stmt"/>
      <line num="14" count="3" type="stmt"/>
      <line num="15" count="3" type="stmt"/>
      <line num="17" count="2" type="cond" truecount="2" falsecount="0"/>
      <line num="18" count="1" type="stmt"/>
      <line num="23" count="1" type="stmt"/>
      <line num="27" count="4" type="stmt"/>
      <line num="30" count="1" type="stmt"/>
    </file>
  </project>
</coverage>
