{"D:\\БГУИР\\3 курс\\2 семестр\\АТБП\\laba2\\ATBKlaba1\\GoogleMapsService.js": {"path":"D:\\БГУИР\\3 курс\\2 семестр\\АТБП\\laba2\\ATBKlaba1\\GoogleMapsService.js","statementMap":{"0":{"start":{"line":3,"column":2},"end":{"line":3,"column":11}},"1":{"start":{"line":6,"column":0},"end":{"line":6,"column":37}}},"fnMap":{"0":{"name":"getTrafficScore","decl":{"start":{"line":1,"column":15},"end":{"line":1,"column":30}},"loc":{"start":{"line":1,"column":40},"end":{"line":4,"column":1}},"line":1}},"branchMap":{},"s":{"0":1,"1":2},"f":{"0":1},"b":{},"_coverageSchema":"1a1c01bbd47fc00a2c39e90264f33305004495a9","hash":"40f7821cf95a24df2586a4f92e877fc72e7a0e7e"}
,"D:\\БГУИР\\3 курс\\2 семестр\\АТБП\\laba2\\ATBKlaba1\\deliveryTime.js": {"path":"D:\\БГУИР\\3 курс\\2 семестр\\АТБП\\laba2\\ATBKlaba1\\deliveryTime.js","statementMap":{"0":{"start":{"line":1,"column":26},"end":{"line":1,"column":56}},"1":{"start":{"line":5,"column":2},"end":{"line":5,"column":64}},"2":{"start":{"line":5,"column":21},"end":{"line":5,"column":64}},"3":{"start":{"line":6,"column":2},"end":{"line":6,"column":74}},"4":{"start":{"line":6,"column":33},"end":{"line":6,"column":74}},"5":{"start":{"line":7,"column":2},"end":{"line":7,"column":87}},"6":{"start":{"line":7,"column":45},"end":{"line":7,"column":87}},"7":{"start":{"line":9,"column":13},"end":{"line":9,"column":29}},"8":{"start":{"line":11,"column":2},"end":{"line":25,"column":3}},"9":{"start":{"line":12,"column":4},"end":{"line":12,"column":16}},"10":{"start":{"line":14,"column":4},"end":{"line":24,"column":5}},"11":{"start":{"line":15,"column":27},"end":{"line":15,"column":75}},"12":{"start":{"line":17,"column":6},"end":{"line":19,"column":7}},"13":{"start":{"line":18,"column":8},"end":{"line":18,"column":18}},"14":{"start":{"line":23,"column":6},"end":{"line":23,"column":18}},"15":{"start":{"line":27,"column":2},"end":{"line":27,"column":14}},"16":{"start":{"line":30,"column":0},"end":{"line":30,"column":39}}},"fnMap":{"0":{"name":"calculateDeliveryTime","decl":{"start":{"line":3,"column":15},"end":{"line":3,"column":36}},"loc":{"start":{"line":3,"column":69},"end":{"line":28,"column":1}},"line":3}},"branchMap":{"0":{"loc":{"start":{"line":5,"column":2},"end":{"line":5,"column":64}},"type":"if","locations":[{"start":{"line":5,"column":2},"end":{"line":5,"column":64}},{"start":{},"end":{}}],"line":5},"1":{"loc":{"start":{"line":6,"column":2},"end":{"line":6,"column":74}},"type":"if","locations":[{"start":{"line":6,"column":2},"end":{"line":6,"column":74}},{"start":{},"end":{}}],"line":6},"2":{"loc":{"start":{"line":6,"column":6},"end":{"line":6,"column":31}},"type":"binary-expr","locations":[{"start":{"line":6,"column":6},"end":{"line":6,"column":16}},{"start":{"line":6,"column":20},"end":{"line":6,"column":31}}],"line":6},"3":{"loc":{"start":{"line":7,"column":2},"end":{"line":7,"column":87}},"type":"if","locations":[{"start":{"line":7,"column":2},"end":{"line":7,"column":87}},{"start":{},"end":{}}],"line":7},"4":{"loc":{"start":{"line":7,"column":6},"end":{"line":7,"column":43}},"type":"binary-expr","locations":[{"start":{"line":7,"column":6},"end":{"line":7,"column":22}},{"start":{"line":7,"column":26},"end":{"line":7,"column":43}}],"line":7},"5":{"loc":{"start":{"line":11,"column":2},"end":{"line":25,"column":3}},"type":"if","locations":[{"start":{"line":11,"column":2},"end":{"line":25,"column":3}},{"start":{},"end":{}}],"line":11},"6":{"loc":{"start":{"line":17,"column":6},"end":{"line":19,"column":7}},"type":"if","locations":[{"start":{"line":17,"column":6},"end":{"line":19,"column":7}},{"start":{},"end":{}}],"line":17}},"s":{"0":1,"1":7,"2":1,"3":6,"4":1,"5":5,"6":1,"7":4,"8":4,"9":3,"10":3,"11":3,"12":2,"13":1,"14":1,"15":4,"16":1},"f":{"0":7},"b":{"0":[1,6],"1":[1,5],"2":[6,5],"3":[1,4],"4":[5,2],"5":[3,1],"6":[1,1]},"_coverageSchema":"1a1c01bbd47fc00a2c39e90264f33305004495a9","hash":"0b97a49dcf89ad5bae1d2c4b22a3f5668c5918ab"}
}
