TN:
SF:GoogleMapsService.js
FN:1,getTrafficScore
FNF:1
FNH:1
FNDA:1,getTrafficScore
DA:3,1
DA:6,2
LF:2
LH:2
BRF:0
BRH:0
end_of_record
TN:
SF:deliveryTime.js
FN:3,calculateDeliveryTime
FNF:1
FNH:1
FNDA:7,calculateDeliveryTime
DA:1,1
DA:5,7
DA:6,6
DA:7,5
DA:9,4
DA:11,4
DA:12,3
DA:14,3
DA:15,3
DA:17,2
DA:18,1
DA:23,1
DA:27,4
DA:30,1
LF:14
LH:14
BRDA:5,0,0,1
BRDA:5,0,1,6
BRDA:6,1,0,1
BRDA:6,1,1,5
BRDA:6,2,0,6
BRDA:6,2,1,5
BRDA:7,3,0,1
BRDA:7,3,1,4
BRDA:7,4,0,5
BRDA:7,4,1,2
BRDA:11,5,0,3
BRDA:11,5,1,1
BRDA:17,6,0,1
BRDA:17,6,1,1
BRF:14
BRH:14
end_of_record
